<?xml version="1.0" encoding="UTF-8"?>
<!-- Generated by org.testng.reporters.JUnitReportReporter -->
<testsuite hostname="Fahmida" failures="0" tests="1" name="com.Salesforce.TestCase1" time="2.743" errors="0" timestamp="2024-05-30T00:04:06 EDT" skipped="0">
  <testcase classname="com.Salesforce.TestCase1" name="tc_1" time="2.743"/>
  <system-out/>
</testsuite> <!-- com.Salesforce.TestCase1 -->
