<?xml version="1.0" encoding="UTF-8"?>
<!-- Generated by org.testng.reporters.JUnitReportReporter -->
<testsuite hostname="Fahmida" failures="0" tests="1" name="com.Salesforce.TestCase2" time="5.722" errors="0" timestamp="2024-05-30T21:32:56 EDT" skipped="0">
  <testcase classname="com.Salesforce.TestCase2" name="tc_2" time="5.722"/>
  <system-out/>
</testsuite> <!-- com.Salesforce.TestCase2 -->
